app/build/intermediates/manifest_merge_blame_file/debug/manifest-merger-blame-debug-report.txt
1<?xml version="1.0" encoding="utf-8"?>
2<manifest xmlns:android="http://schemas.android.com/apk/res/android"
3    package="com.example.pagoefectivo_sdk_android"
4    android:versionCode="1"
5    android:versionName="1.0" >
6
7    <uses-sdk
8        android:minSdkVersion="16"
8-->src/main/AndroidManifest.xml
9        android:targetSdkVersion="29" />
9-->src/main/AndroidManifest.xml
10
11    <uses-permission android:name="android.permission.INTERNET" />
11-->src/main/AndroidManifest.xml:5:5-67
11-->src/main/AndroidManifest.xml:5:22-64
12
13    <application
13-->src/main/AndroidManifest.xml:7:5-33:19
14        android:name="com.example.pagoefectivo_sdk_android.PagoEfectivoSdkApplication"
14-->src/main/AndroidManifest.xml:8:9-51
15        android:appComponentFactory="androidx.core.app.CoreComponentFactory"
15-->[androidx.core:core:1.2.0] AndroidManifest.xml:24:18-86
16        android:debuggable="true"
17        android:icon="@mipmap/ic_launcher"
17-->src/main/AndroidManifest.xml:9:9-43
18        android:label="@string/app_name"
18-->src/main/AndroidManifest.xml:10:9-41
19        android:roundIcon="@mipmap/ic_launcher_round"
19-->src/main/AndroidManifest.xml:11:9-54
20        android:supportsRtl="true"
20-->src/main/AndroidManifest.xml:12:9-35
21        android:testOnly="true"
22        android:theme="@style/AppTheme" >
22-->src/main/AndroidManifest.xml:13:9-40
23        <activity
23-->src/main/AndroidManifest.xml:14:9-23:20
24            android:name="com.example.pagoefectivo_sdk_android.ui.activities.MainActivity"
24-->src/main/AndroidManifest.xml:15:13-55
25            android:label="@string/app_name"
25-->src/main/AndroidManifest.xml:16:13-45
26            android:theme="@style/AppTheme.NoActionBar" >
26-->src/main/AndroidManifest.xml:17:13-56
27            <intent-filter>
27-->src/main/AndroidManifest.xml:18:13-22:29
28                <action android:name="android.intent.action.MAIN" />
28-->src/main/AndroidManifest.xml:19:17-69
28-->src/main/AndroidManifest.xml:19:25-66
29
30                <category android:name="android.intent.category.LAUNCHER" />
30-->src/main/AndroidManifest.xml:21:17-77
30-->src/main/AndroidManifest.xml:21:27-74
31            </intent-filter>
32        </activity>
33        <activity android:name="com.example.pagoefectivo_sdk_android.ui.activities.GenerateCipActivity" />
33-->src/main/AndroidManifest.xml:24:9-71
33-->src/main/AndroidManifest.xml:24:19-68
34        <activity
34-->src/main/AndroidManifest.xml:25:9-27:59
35            android:name="com.example.pagoefectivo_sdk_android.ui.activities.PaymentMethodActivity"
35-->src/main/AndroidManifest.xml:26:13-64
36            android:label="@string/method_payment_name" />
36-->src/main/AndroidManifest.xml:27:13-56
37        <activity android:name="com.example.pagoefectivo_sdk_android.ui.activities.WhereToPayActivity" />
37-->src/main/AndroidManifest.xml:28:9-70
37-->src/main/AndroidManifest.xml:28:19-67
38        <activity android:name="com.example.pagoefectivo_sdk_android.ui.activities.WebActivity" />
38-->src/main/AndroidManifest.xml:29:9-63
38-->src/main/AndroidManifest.xml:29:19-60
39        <activity
39-->src/main/AndroidManifest.xml:30:9-32:60
40            android:name="com.example.pagoefectivo_sdk_android.ui.activities.PaymentDetailActivity"
40-->src/main/AndroidManifest.xml:31:13-64
41            android:label="@string/summary_payment_name" />
41-->src/main/AndroidManifest.xml:32:13-57
42    </application>
43
44</manifest>